[13-Apr-26 15:30:27 - WARNING] - yato - bot - Bot can't Export Invite link from Force Sub Channel!
[13-Apr-26 15:30:27 - WARNING] - yato - bot - 
Bot Stopped.
[13-Apr-26 15:30:27 - WARNING] - yato - bot - 
Bot Stopped.
[13-Apr-26 15:31:10 - WARNING] - yato - bot - Could not load dynamic fsub channel -1002270729362: Telegram says: [400 CHANNEL_INVALID] (caused by "channels.GetChannels") Pyrogram 2.3.50 thinks: The channel parameter is invalid
[13-Apr-26 15:31:11 - WARNING] - yato - bot - Could not load dynamic fsub channel -1002345643351: Telegram says: [400 CHANNEL_INVALID] (caused by "channels.GetChannels") Pyrogram 2.3.50 thinks: The channel parameter is invalid
[13-Apr-26 15:31:11 - WARNING] - yato - bot - Could not load dynamic fsub channel -1002345643351: Telegram says: [400 CHANNEL_INVALID] (caused by "channels.GetChannels") Pyrogram 2.3.50 thinks: The channel parameter is invalid
[13-Apr-26 15:31:11 - WARNING] - yato - bot - Could not load dynamic fsub channel -1002239371276: Telegram says: [400 CHANNEL_INVALID] (caused by "channels.GetChannels") Pyrogram 2.3.50 thinks: The channel parameter is invalid
[13-Apr-26 15:31:11 - WARNING] - yato - bot - Could not load dynamic fsub channel -1002239371276: Telegram says: [400 CHANNEL_INVALID] (caused by "channels.GetChannels") Pyrogram 2.3.50 thinks: The channel parameter is invalid
[13-Apr-26 15:31:11 - WARNING] - yato - bot - Could not load dynamic fsub channel -1002239371276: Telegram says: [400 CHANNEL_INVALID] (caused by "channels.GetChannels") Pyrogram 2.3.50 thinks: The channel parameter is invalid
[13-Apr-26 15:31:11 - WARNING] - yato - bot - Could not load DB channel -1003720992938: Telegram says: [400 CHANNEL_INVALID] (caused by "channels.GetChannels") Pyrogram 2.3.50 thinks: The channel parameter is invalid
[13-Apr-26 15:31:11 - WARNING] - yato - bot - Could not load DB channel -1003720992938: Telegram says: [400 CHANNEL_INVALID] (caused by "channels.GetChannels") Pyrogram 2.3.50 thinks: The channel parameter is invalid
[13-Apr-26 15:31:11 - WARNING] - yato - bot - Could not load DB channel -1003720992938: Telegram says: [400 CHANNEL_INVALID] (caused by "channels.GetChannels") Pyrogram 2.3.50 thinks: The channel parameter is invalid
[13-Apr-26 15:31:11 - WARNING] - yato - bot - Could not load DB channel -1003720992938: Telegram says: [400 CHANNEL_INVALID] (caused by "channels.GetChannels") Pyrogram 2.3.50 thinks: The channel parameter is invalid
[13-Apr-26 15:31:11 - WARNING] - yato - bot - Could not load DB channel -1002558171315: Telegram says: [400 CHANNEL_INVALID] (caused by "channels.GetChannels") Pyrogram 2.3.50 thinks: The channel parameter is invalid
[13-Apr-26 15:31:11 - WARNING] - yato - bot - Could not load DB channel -1002558171315: Telegram says: [400 CHANNEL_INVALID] (caused by "channels.GetChannels") Pyrogram 2.3.50 thinks: The channel parameter is invalid
[13-Apr-26 15:31:11 - WARNING] - yato - bot - Could not load DB channel -1002558171315: Telegram says: [400 CHANNEL_INVALID] (caused by "channels.GetChannels") Pyrogram 2.3.50 thinks: The channel parameter is invalid
[13-Apr-26 15:31:11 - WARNING] - yato - bot - Could not load DB channel -1002558171315: Telegram says: [400 CHANNEL_INVALID] (caused by "channels.GetChannels") Pyrogram 2.3.50 thinks: The channel parameter is invalid
[13-Apr-26 15:31:11 - WARNING] - yato - bot - Could not load DB channel -1002558171315: Telegram says: [400 CHANNEL_INVALID] (caused by "channels.GetChannels") Pyrogram 2.3.50 thinks: The channel parameter is invalid
[13-Apr-26 15:31:12 - WARNING] - yato - bot - Telegram says: [400 CHANNEL_INVALID] (caused by "channels.GetChannels") Pyrogram 2.3.50 thinks: The channel parameter is invalid
[13-Apr-26 15:31:12 - WARNING] - yato - bot - Telegram says: [400 CHANNEL_INVALID] (caused by "channels.GetChannels") Pyrogram 2.3.50 thinks: The channel parameter is invalid
[13-Apr-26 15:31:12 - WARNING] - yato - bot - Telegram says: [400 CHANNEL_INVALID] (caused by "channels.GetChannels") Pyrogram 2.3.50 thinks: The channel parameter is invalid
[13-Apr-26 15:31:12 - WARNING] - yato - bot - Telegram says: [400 CHANNEL_INVALID] (caused by "channels.GetChannels") Pyrogram 2.3.50 thinks: The channel parameter is invalid
[13-Apr-26 15:31:12 - WARNING] - yato - bot - Telegram says: [400 CHANNEL_INVALID] (caused by "channels.GetChannels") Pyrogram 2.3.50 thinks: The channel parameter is invalid
[13-Apr-26 15:31:12 - WARNING] - yato - bot - Telegram says: [400 CHANNEL_INVALID] (caused by "channels.GetChannels") Pyrogram 2.3.50 thinks: The channel parameter is invalid
[13-Apr-26 15:31:12 - WARNING] - yato - bot - Make Sure bot is Admin in DB Channel, and Double check the database channel Value, Current Value -1002558171315
[13-Apr-26 15:31:12 - WARNING] - yato - bot - Make Sure bot is Admin in DB Channel, and Double check the database channel Value, Current Value -1002558171315
[13-Apr-26 15:31:12 - WARNING] - yato - bot - Make Sure bot is Admin in DB Channel, and Double check the database channel Value, Current Value -1002558171315
[13-Apr-26 15:31:12 - WARNING] - yato - bot - Make Sure bot is Admin in DB Channel, and Double check the database channel Value, Current Value -1002558171315
[13-Apr-26 15:31:12 - WARNING] - yato - bot - Make Sure bot is Admin in DB Channel, and Double check the database channel Value, Current Value -1002558171315
[13-Apr-26 15:31:12 - WARNING] - yato - bot - Make Sure bot is Admin in DB Channel, and Double check the database channel Value, Current Value -1002558171315
[13-Apr-26 15:31:12 - WARNING] - yato - bot - Make Sure bot is Admin in DB Channel, and Double check the database channel Value, Current Value -1002558171315
[13-Apr-26 15:31:12 - INFO] - yato - bot - 
Bot Stopped. Join https://t.me/animes_cruise for support
[13-Apr-26 15:31:12 - INFO] - yato - bot - 
Bot Stopped. Join https://t.me/animes_cruise for support
[13-Apr-26 15:31:12 - INFO] - yato - bot - 
Bot Stopped. Join https://t.me/animes_cruise for support
[13-Apr-26 15:31:12 - INFO] - yato - bot - 
Bot Stopped. Join https://t.me/animes_cruise for support
[13-Apr-26 15:31:12 - INFO] - yato - bot - 
Bot Stopped. Join https://t.me/animes_cruise for support
[13-Apr-26 15:31:12 - INFO] - yato - bot - 
Bot Stopped. Join https://t.me/animes_cruise for support
[13-Apr-26 15:31:12 - INFO] - yato - bot - 
Bot Stopped. Join https://t.me/animes_cruise for support
[13-Apr-26 15:31:12 - INFO] - yato - bot - 
Bot Stopped. Join https://t.me/animes_cruise for support
[13-Apr-26 15:33:36 - INFO] - yato - bot - Primary DB Channel: -1002558171315
[13-Apr-26 15:33:36 - INFO] - yato - bot - Total DB Channels: 0
[13-Apr-26 15:33:36 - INFO] - yato - bot - Total DB Channels: 0
[13-Apr-26 15:33:36 - INFO] - yato - bot - Bot Started!!
[13-Apr-26 15:33:36 - INFO] - yato - bot - Bot Started!!
[13-Apr-26 15:33:36 - INFO] - yato - bot - Bot Started!!
[13-Apr-26 15:33:36 - INFO] - yato - bot - Restart notification sent to owner: 6123108288
[13-Apr-26 15:33:36 - INFO] - yato - bot - Restart notification sent to owner: 6123108288
[13-Apr-26 15:33:36 - INFO] - yato - bot - Restart notification sent to owner: 6123108288
[13-Apr-26 15:33:36 - INFO] - yato - bot - Restart notification sent to owner: 6123108288
[13-Apr-26 15:35:07 - INFO] - yato - plugins.start - Trying to get messages from source channel: -1002558171315
[13-Apr-26 15:35:07 - INFO] - yato - plugins.start - Found 1 messages from source channel -1002558171315
[13-Apr-26 15:35:07 - INFO] - yato - plugins.start - Found 1 messages from source channel -1002558171315
[13-Apr-26 15:35:34 - INFO] - yato - bot - Bot stopped.
[13-Apr-26 15:35:34 - INFO] - yato - bot - Bot stopped.
[13-Apr-26 15:35:34 - INFO] - yato - bot - Bot stopped.
[13-Apr-26 15:35:34 - INFO] - yato - bot - Bot stopped.
[13-Apr-26 15:35:34 - INFO] - yato - bot - Bot stopped.
[13-Apr-26 15:40:57 - INFO] - yato - bot - Primary DB Channel: -1002558171315
[13-Apr-26 15:40:57 - INFO] - yato - bot - Total DB Channels: 0
[13-Apr-26 15:40:57 - INFO] - yato - bot - Total DB Channels: 0
[13-Apr-26 15:40:57 - INFO] - yato - bot - Bot Started!!
[13-Apr-26 15:40:57 - INFO] - yato - bot - Bot Started!!
[13-Apr-26 15:40:57 - INFO] - yato - bot - Bot Started!!
[13-Apr-26 15:40:57 - INFO] - yato - bot - Restart notification sent to owner: 6123108288
[13-Apr-26 15:40:57 - INFO] - yato - bot - Restart notification sent to owner: 6123108288
[13-Apr-26 15:40:57 - INFO] - yato - bot - Restart notification sent to owner: 6123108288
[13-Apr-26 15:40:57 - INFO] - yato - bot - Restart notification sent to owner: 6123108288
[13-Apr-26 15:41:38 - INFO] - yato - plugins.start - Trying to get messages from source channel: -1002558171315
[13-Apr-26 15:41:38 - INFO] - yato - plugins.start - Found 1 messages from source channel -1002558171315
[13-Apr-26 15:41:38 - INFO] - yato - plugins.start - Found 1 messages from source channel -1002558171315
[13-Apr-26 15:50:21 - INFO] - yato - bot - Bot stopped.
[13-Apr-26 15:50:21 - INFO] - yato - bot - Bot stopped.
[13-Apr-26 15:50:21 - INFO] - yato - bot - Bot stopped.
[13-Apr-26 15:50:21 - INFO] - yato - bot - Bot stopped.
[13-Apr-26 15:50:21 - INFO] - yato - bot - Bot stopped.
[13-Apr-26 16:08:20 - INFO] - yato - bot - Primary DB Channel: -1002558171315
[13-Apr-26 16:08:20 - INFO] - yato - bot - Total DB Channels: 0
[13-Apr-26 16:08:20 - INFO] - yato - bot - Total DB Channels: 0
[13-Apr-26 16:08:20 - INFO] - yato - bot - Bot Started!!
[13-Apr-26 16:08:20 - INFO] - yato - bot - Bot Started!!
[13-Apr-26 16:08:20 - INFO] - yato - bot - Bot Started!!
[13-Apr-26 16:08:20 - INFO] - yato - bot - Restart notification sent to owner: 6123108288
[13-Apr-26 16:08:20 - INFO] - yato - bot - Restart notification sent to owner: 6123108288
[13-Apr-26 16:08:20 - INFO] - yato - bot - Restart notification sent to owner: 6123108288
[13-Apr-26 16:08:20 - INFO] - yato - bot - Restart notification sent to owner: 6123108288
[13-Apr-26 16:09:49 - INFO] - yato - plugins.start - Trying to get messages from source channel: -1002558171315
[13-Apr-26 16:09:49 - INFO] - yato - plugins.start - Found 1 messages from source channel -1002558171315
[13-Apr-26 16:09:49 - INFO] - yato - plugins.start - Found 1 messages from source channel -1002558171315
[13-Apr-26 16:10:49 - INFO] - yato - plugins.start - Trying to get messages from source channel: -1002558171315
[13-Apr-26 16:10:49 - INFO] - yato - plugins.start - Trying to get messages from source channel: -1002558171315
[13-Apr-26 16:10:49 - INFO] - yato - plugins.start - Trying to get messages from source channel: -1002558171315
[13-Apr-26 16:10:49 - INFO] - yato - plugins.start - Found 1 messages from source channel -1002558171315
[13-Apr-26 16:10:49 - INFO] - yato - plugins.start - Found 1 messages from source channel -1002558171315
[13-Apr-26 16:10:49 - INFO] - yato - plugins.start - Found 1 messages from source channel -1002558171315
[13-Apr-26 16:10:49 - INFO] - yato - plugins.start - Found 1 messages from source channel -1002558171315
[13-Apr-26 16:11:46 - INFO] - yato - plugins.start - Trying to get messages from source channel: -1002558171315
[13-Apr-26 16:11:46 - INFO] - yato - plugins.start - Trying to get messages from source channel: -1002558171315
[13-Apr-26 16:11:46 - INFO] - yato - plugins.start - Trying to get messages from source channel: -1002558171315
[13-Apr-26 16:11:46 - INFO] - yato - plugins.start - Trying to get messages from source channel: -1002558171315
[13-Apr-26 16:11:46 - INFO] - yato - plugins.start - Trying to get messages from source channel: -1002558171315
[13-Apr-26 16:11:47 - INFO] - yato - plugins.start - Found 1 messages from source channel -1002558171315
[13-Apr-26 16:11:47 - INFO] - yato - plugins.start - Found 1 messages from source channel -1002558171315
[13-Apr-26 16:11:47 - INFO] - yato - plugins.start - Found 1 messages from source channel -1002558171315
[13-Apr-26 16:11:47 - INFO] - yato - plugins.start - Found 1 messages from source channel -1002558171315
[13-Apr-26 16:11:47 - INFO] - yato - plugins.start - Found 1 messages from source channel -1002558171315
[13-Apr-26 16:11:47 - INFO] - yato - plugins.start - Found 1 messages from source channel -1002558171315
[13-Apr-26 16:12:25 - INFO] - yato - plugins.start - Trying to get messages from source channel: -1002558171315
[13-Apr-26 16:12:25 - INFO] - yato - plugins.start - Trying to get messages from source channel: -1002558171315
[13-Apr-26 16:12:25 - INFO] - yato - plugins.start - Trying to get messages from source channel: -1002558171315
[13-Apr-26 16:12:25 - INFO] - yato - plugins.start - Trying to get messages from source channel: -1002558171315
[13-Apr-26 16:12:25 - INFO] - yato - plugins.start - Trying to get messages from source channel: -1002558171315
[13-Apr-26 16:12:25 - INFO] - yato - plugins.start - Trying to get messages from source channel: -1002558171315
[13-Apr-26 16:12:25 - INFO] - yato - plugins.start - Trying to get messages from source channel: -1002558171315
[13-Apr-26 16:12:25 - INFO] - yato - plugins.start - Found 1 messages from source channel -1002558171315
[13-Apr-26 16:12:25 - INFO] - yato - plugins.start - Found 1 messages from source channel -1002558171315
[13-Apr-26 16:12:25 - INFO] - yato - plugins.start - Found 1 messages from source channel -1002558171315
[13-Apr-26 16:12:25 - INFO] - yato - plugins.start - Found 1 messages from source channel -1002558171315
[13-Apr-26 16:12:25 - INFO] - yato - plugins.start - Found 1 messages from source channel -1002558171315
[13-Apr-26 16:12:25 - INFO] - yato - plugins.start - Found 1 messages from source channel -1002558171315
[13-Apr-26 16:12:25 - INFO] - yato - plugins.start - Found 1 messages from source channel -1002558171315
[13-Apr-26 16:12:25 - INFO] - yato - plugins.start - Found 1 messages from source channel -1002558171315
[13-Apr-26 16:13:06 - INFO] - yato - plugins.start - Trying to get messages from source channel: -1002558171315
[13-Apr-26 16:13:06 - INFO] - yato - plugins.start - Trying to get messages from source channel: -1002558171315
[13-Apr-26 16:13:06 - INFO] - yato - plugins.start - Trying to get messages from source channel: -1002558171315
[13-Apr-26 16:13:06 - INFO] - yato - plugins.start - Trying to get messages from source channel: -1002558171315
[13-Apr-26 16:13:06 - INFO] - yato - plugins.start - Trying to get messages from source channel: -1002558171315
[13-Apr-26 16:13:06 - INFO] - yato - plugins.start - Trying to get messages from source channel: -1002558171315
[13-Apr-26 16:13:06 - INFO] - yato - plugins.start - Trying to get messages from source channel: -1002558171315
[13-Apr-26 16:13:06 - INFO] - yato - plugins.start - Trying to get messages from source channel: -1002558171315
[13-Apr-26 16:13:06 - INFO] - yato - plugins.start - Trying to get messages from source channel: -1002558171315
[13-Apr-26 16:13:06 - INFO] - yato - plugins.start - Found 1 messages from source channel -1002558171315
[13-Apr-26 16:13:06 - INFO] - yato - plugins.start - Found 1 messages from source channel -1002558171315
[13-Apr-26 16:13:06 - INFO] - yato - plugins.start - Found 1 messages from source channel -1002558171315
[13-Apr-26 16:13:06 - INFO] - yato - plugins.start - Found 1 messages from source channel -1002558171315
[13-Apr-26 16:13:06 - INFO] - yato - plugins.start - Found 1 messages from source channel -1002558171315
[13-Apr-26 16:13:06 - INFO] - yato - plugins.start - Found 1 messages from source channel -1002558171315
[13-Apr-26 16:13:06 - INFO] - yato - plugins.start - Found 1 messages from source channel -1002558171315
[13-Apr-26 16:13:06 - INFO] - yato - plugins.start - Found 1 messages from source channel -1002558171315
[13-Apr-26 16:13:06 - INFO] - yato - plugins.start - Found 1 messages from source channel -1002558171315
[13-Apr-26 16:13:06 - INFO] - yato - plugins.start - Found 1 messages from source channel -1002558171315
[13-Apr-26 16:13:24 - INFO] - yato - plugins.start - Trying to get messages from source channel: -1002558171315
[13-Apr-26 16:13:24 - INFO] - yato - plugins.start - Trying to get messages from source channel: -1002558171315
[13-Apr-26 16:13:24 - INFO] - yato - plugins.start - Trying to get messages from source channel: -1002558171315
[13-Apr-26 16:13:24 - INFO] - yato - plugins.start - Trying to get messages from source channel: -1002558171315
[13-Apr-26 16:13:24 - INFO] - yato - plugins.start - Trying to get messages from source channel: -1002558171315
[13-Apr-26 16:13:24 - INFO] - yato - plugins.start - Trying to get messages from source channel: -1002558171315
[13-Apr-26 16:13:24 - INFO] - yato - plugins.start - Trying to get messages from source channel: -1002558171315
[13-Apr-26 16:13:24 - INFO] - yato - plugins.start - Trying to get messages from source channel: -1002558171315
[13-Apr-26 16:13:24 - INFO] - yato - plugins.start - Trying to get messages from source channel: -1002558171315
[13-Apr-26 16:13:24 - INFO] - yato - plugins.start - Trying to get messages from source channel: -1002558171315
[13-Apr-26 16:13:24 - INFO] - yato - plugins.start - Trying to get messages from source channel: -1002558171315
[13-Apr-26 16:13:24 - INFO] - yato - plugins.start - Found 1 messages from source channel -1002558171315
[13-Apr-26 16:13:24 - INFO] - yato - plugins.start - Found 1 messages from source channel -1002558171315
[13-Apr-26 16:13:24 - INFO] - yato - plugins.start - Found 1 messages from source channel -1002558171315
[13-Apr-26 16:13:24 - INFO] - yato - plugins.start - Found 1 messages from source channel -1002558171315
[13-Apr-26 16:13:24 - INFO] - yato - plugins.start - Found 1 messages from source channel -1002558171315
[13-Apr-26 16:13:24 - INFO] - yato - plugins.start - Found 1 messages from source channel -1002558171315
[13-Apr-26 16:13:24 - INFO] - yato - plugins.start - Found 1 messages from source channel -1002558171315
[13-Apr-26 16:13:24 - INFO] - yato - plugins.start - Found 1 messages from source channel -1002558171315
[13-Apr-26 16:13:24 - INFO] - yato - plugins.start - Found 1 messages from source channel -1002558171315
[13-Apr-26 16:13:24 - INFO] - yato - plugins.start - Found 1 messages from source channel -1002558171315
[13-Apr-26 16:13:24 - INFO] - yato - plugins.start - Found 1 messages from source channel -1002558171315
[13-Apr-26 16:13:24 - INFO] - yato - plugins.start - Found 1 messages from source channel -1002558171315
[13-Apr-26 16:13:39 - INFO] - yato - bot - Bot stopped.
[13-Apr-26 16:13:39 - INFO] - yato - bot - Bot stopped.
[13-Apr-26 16:13:39 - INFO] - yato - bot - Bot stopped.
[13-Apr-26 16:13:39 - INFO] - yato - bot - Bot stopped.
[13-Apr-26 16:13:39 - INFO] - yato - bot - Bot stopped.
